C:\laragon\www\sakila\.htaccess
C:\laragon\www\sakila\api\.htaccess
C:\laragon\www\sakila\api\index.php
C:\laragon\www\sakila\api\web.config
C:\laragon\www\sakila\composer.json
C:\laragon\www\sakila\controllers\ActorController.php
C:\laragon\www\sakila\controllers\ActorInfoController.php
C:\laragon\www\sakila\controllers\AddressController.php
C:\laragon\www\sakila\controllers\ApiController.php
C:\laragon\www\sakila\controllers\AudittrailController.php
C:\laragon\www\sakila\controllers\CategoryController.php
C:\laragon\www\sakila\controllers\CityController.php
C:\laragon\www\sakila\controllers\ControllerBase.php
C:\laragon\www\sakila\controllers\CountryController.php
C:\laragon\www\sakila\controllers\CustomerController.php
C:\laragon\www\sakila\controllers\CustomerList2Controller.php
C:\laragon\www\sakila\controllers\DashboardAllController.php
C:\laragon\www\sakila\controllers\ExportlogController.php
C:\laragon\www\sakila\controllers\FilmActorController.php
C:\laragon\www\sakila\controllers\FilmCategoryController.php
C:\laragon\www\sakila\controllers\FilmController.php
C:\laragon\www\sakila\controllers\FilmList2Controller.php
C:\laragon\www\sakila\controllers\FilmTextController.php
C:\laragon\www\sakila\controllers\InventoryController.php
C:\laragon\www\sakila\controllers\Language2Controller.php
C:\laragon\www\sakila\controllers\NicerButSlowerFilmListController.php
C:\laragon\www\sakila\controllers\OthersController.php
C:\laragon\www\sakila\controllers\PaymentController.php
C:\laragon\www\sakila\controllers\RentalController.php
C:\laragon\www\sakila\controllers\SalesByFilmCategoryController.php
C:\laragon\www\sakila\controllers\SalesByStoreController.php
C:\laragon\www\sakila\controllers\StaffController.php
C:\laragon\www\sakila\controllers\StaffList2Controller.php
C:\laragon\www\sakila\controllers\StoreController.php
C:\laragon\www\sakila\css\Sakila.scss
C:\laragon\www\sakila\css\ewpdf.scss
C:\laragon\www\sakila\css\query-builder.scss
C:\laragon\www\sakila\css\tabulator_bootstrap5.scss
C:\laragon\www\sakila\css\tempus-dominus.scss
C:\laragon\www\sakila\files\index.html
C:\laragon\www\sakila\index.php
C:\laragon\www\sakila\js\eweditor.js
C:\laragon\www\sakila\js\userevent.js
C:\laragon\www\sakila\js\userfn.js
C:\laragon\www\sakila\log\index.html
C:\laragon\www\sakila\models\Actor.php
C:\laragon\www\sakila\models\ActorAdd.php
C:\laragon\www\sakila\models\ActorDelete.php
C:\laragon\www\sakila\models\ActorEdit.php
C:\laragon\www\sakila\models\ActorInfo.php
C:\laragon\www\sakila\models\ActorInfoList.php
C:\laragon\www\sakila\models\ActorList.php
C:\laragon\www\sakila\models\ActorView.php
C:\laragon\www\sakila\models\Address.php
C:\laragon\www\sakila\models\AddressAdd.php
C:\laragon\www\sakila\models\AddressDelete.php
C:\laragon\www\sakila\models\AddressEdit.php
C:\laragon\www\sakila\models\AddressList.php
C:\laragon\www\sakila\models\AddressView.php
C:\laragon\www\sakila\models\Audittrail.php
C:\laragon\www\sakila\models\AudittrailList.php
C:\laragon\www\sakila\models\AudittrailView.php
C:\laragon\www\sakila\models\Category.php
C:\laragon\www\sakila\models\CategoryAdd.php
C:\laragon\www\sakila\models\CategoryDelete.php
C:\laragon\www\sakila\models\CategoryEdit.php
C:\laragon\www\sakila\models\CategoryList.php
C:\laragon\www\sakila\models\CategoryView.php
C:\laragon\www\sakila\models\City.php
C:\laragon\www\sakila\models\CityAdd.php
C:\laragon\www\sakila\models\CityDelete.php
C:\laragon\www\sakila\models\CityEdit.php
C:\laragon\www\sakila\models\CityList.php
C:\laragon\www\sakila\models\CityView.php
C:\laragon\www\sakila\models\Country.php
C:\laragon\www\sakila\models\CountryAdd.php
C:\laragon\www\sakila\models\CountryDelete.php
C:\laragon\www\sakila\models\CountryEdit.php
C:\laragon\www\sakila\models\CountryList.php
C:\laragon\www\sakila\models\CountryView.php
C:\laragon\www\sakila\models\Customer.php
C:\laragon\www\sakila\models\CustomerAdd.php
C:\laragon\www\sakila\models\CustomerDelete.php
C:\laragon\www\sakila\models\CustomerEdit.php
C:\laragon\www\sakila\models\CustomerList.php
C:\laragon\www\sakila\models\CustomerList2.php
C:\laragon\www\sakila\models\CustomerList2List.php
C:\laragon\www\sakila\models\CustomerView.php
C:\laragon\www\sakila\models\DashboardAll.php
C:\laragon\www\sakila\models\Exportlog.php
C:\laragon\www\sakila\models\ExportlogList.php
C:\laragon\www\sakila\models\ExportlogView.php
C:\laragon\www\sakila\models\Film.php
C:\laragon\www\sakila\models\FilmActor.php
C:\laragon\www\sakila\models\FilmActorAdd.php
C:\laragon\www\sakila\models\FilmActorDelete.php
C:\laragon\www\sakila\models\FilmActorEdit.php
C:\laragon\www\sakila\models\FilmActorList.php
C:\laragon\www\sakila\models\FilmActorView.php
C:\laragon\www\sakila\models\FilmAdd.php
C:\laragon\www\sakila\models\FilmCategory.php
C:\laragon\www\sakila\models\FilmCategoryAdd.php
C:\laragon\www\sakila\models\FilmCategoryDelete.php
C:\laragon\www\sakila\models\FilmCategoryEdit.php
C:\laragon\www\sakila\models\FilmCategoryList.php
C:\laragon\www\sakila\models\FilmCategoryView.php
C:\laragon\www\sakila\models\FilmDelete.php
C:\laragon\www\sakila\models\FilmEdit.php
C:\laragon\www\sakila\models\FilmList.php
C:\laragon\www\sakila\models\FilmList2.php
C:\laragon\www\sakila\models\FilmList2List.php
C:\laragon\www\sakila\models\FilmText.php
C:\laragon\www\sakila\models\FilmTextAdd.php
C:\laragon\www\sakila\models\FilmTextDelete.php
C:\laragon\www\sakila\models\FilmTextEdit.php
C:\laragon\www\sakila\models\FilmTextList.php
C:\laragon\www\sakila\models\FilmTextView.php
C:\laragon\www\sakila\models\FilmView.php
C:\laragon\www\sakila\models\Inventory.php
C:\laragon\www\sakila\models\InventoryAdd.php
C:\laragon\www\sakila\models\InventoryDelete.php
C:\laragon\www\sakila\models\InventoryEdit.php
C:\laragon\www\sakila\models\InventoryList.php
C:\laragon\www\sakila\models\InventoryView.php
C:\laragon\www\sakila\models\Language2.php
C:\laragon\www\sakila\models\Language2Add.php
C:\laragon\www\sakila\models\Language2Delete.php
C:\laragon\www\sakila\models\Language2Edit.php
C:\laragon\www\sakila\models\Language2List.php
C:\laragon\www\sakila\models\Language2View.php
C:\laragon\www\sakila\models\Login.php
C:\laragon\www\sakila\models\Logout.php
C:\laragon\www\sakila\models\NicerButSlowerFilmList.php
C:\laragon\www\sakila\models\NicerButSlowerFilmListList.php
C:\laragon\www\sakila\models\Payment.php
C:\laragon\www\sakila\models\PaymentAdd.php
C:\laragon\www\sakila\models\PaymentDelete.php
C:\laragon\www\sakila\models\PaymentEdit.php
C:\laragon\www\sakila\models\PaymentList.php
C:\laragon\www\sakila\models\PaymentView.php
C:\laragon\www\sakila\models\PersonalData.php
C:\laragon\www\sakila\models\Rental.php
C:\laragon\www\sakila\models\RentalAdd.php
C:\laragon\www\sakila\models\RentalDelete.php
C:\laragon\www\sakila\models\RentalEdit.php
C:\laragon\www\sakila\models\RentalList.php
C:\laragon\www\sakila\models\RentalView.php
C:\laragon\www\sakila\models\SalesByFilmCategory.php
C:\laragon\www\sakila\models\SalesByFilmCategoryList.php
C:\laragon\www\sakila\models\SalesByStore.php
C:\laragon\www\sakila\models\SalesByStoreList.php
C:\laragon\www\sakila\models\Staff.php
C:\laragon\www\sakila\models\StaffAdd.php
C:\laragon\www\sakila\models\StaffDelete.php
C:\laragon\www\sakila\models\StaffEdit.php
C:\laragon\www\sakila\models\StaffList.php
C:\laragon\www\sakila\models\StaffList2.php
C:\laragon\www\sakila\models\StaffList2List.php
C:\laragon\www\sakila\models\StaffView.php
C:\laragon\www\sakila\models\Store.php
C:\laragon\www\sakila\models\StoreAdd.php
C:\laragon\www\sakila\models\StoreDelete.php
C:\laragon\www\sakila\models\StoreEdit.php
C:\laragon\www\sakila\models\StoreList.php
C:\laragon\www\sakila\models\StoreView.php
C:\laragon\www\sakila\package.json
C:\laragon\www\sakila\src\AbstractController.php
C:\laragon\www\sakila\src\AbstractEntity.php
C:\laragon\www\sakila\src\AbstractExport.php
C:\laragon\www\sakila\src\AbstractExportBase.php
C:\laragon\www\sakila\src\AbstractTwoFactorAuthentication.php
C:\laragon\www\sakila\src\AdvancedFilter.php
C:\laragon\www\sakila\src\AdvancedSearch.php
C:\laragon\www\sakila\src\AdvancedSecurity.php
C:\laragon\www\sakila\src\Allow.php
C:\laragon\www\sakila\src\ApiActionEvent.php
C:\laragon\www\sakila\src\ApiPermissionMiddleware.php
C:\laragon\www\sakila\src\Attributes.php
C:\laragon\www\sakila\src\Attributes\Delete.php
C:\laragon\www\sakila\src\Attributes\Get.php
C:\laragon\www\sakila\src\Attributes\Map.php
C:\laragon\www\sakila\src\Attributes\Options.php
C:\laragon\www\sakila\src\Attributes\Patch.php
C:\laragon\www\sakila\src\Attributes\Post.php
C:\laragon\www\sakila\src\Attributes\Put.php
C:\laragon\www\sakila\src\AuditTrailHandler.php
C:\laragon\www\sakila\src\AzureAD.php
C:\laragon\www\sakila\src\BasicSearch.php
C:\laragon\www\sakila\src\Breadcrumb.php
C:\laragon\www\sakila\src\BytesType.php
C:\laragon\www\sakila\src\CaptchaBase.php
C:\laragon\www\sakila\src\CaptchaInterface.php
C:\laragon\www\sakila\src\ChartExporter.php
C:\laragon\www\sakila\src\ChartJsRenderer.php
C:\laragon\www\sakila\src\ChartRendererInterface.php
C:\laragon\www\sakila\src\ChartTypes.php
C:\laragon\www\sakila\src\ConfigurationEvent.php
C:\laragon\www\sakila\src\ContainerBuildEvent.php
C:\laragon\www\sakila\src\CorsMiddleware.php
C:\laragon\www\sakila\src\CrosstabColumn.php
C:\laragon\www\sakila\src\CrosstabTable.php
C:\laragon\www\sakila\src\CustomUploadHandler.php
C:\laragon\www\sakila\src\DataType.php
C:\laragon\www\sakila\src\DatabaseConnectedEvent.php
C:\laragon\www\sakila\src\DatabaseConnectingEvent.php
C:\laragon\www\sakila\src\DbChart.php
C:\laragon\www\sakila\src\DbField.php
C:\laragon\www\sakila\src\DbTable.php
C:\laragon\www\sakila\src\DbTableBase.php
C:\laragon\www\sakila\src\DebugSqlLogger.php
C:\laragon\www\sakila\src\Email.php
C:\laragon\www\sakila\src\EmailTwoFactorAuthentication.php
C:\laragon\www\sakila\src\EntityDescriptor.php
C:\laragon\www\sakila\src\Entity\Actor.php
C:\laragon\www\sakila\src\Entity\ActorInfo.php
C:\laragon\www\sakila\src\Entity\Address.php
C:\laragon\www\sakila\src\Entity\Audittrail.php
C:\laragon\www\sakila\src\Entity\Category.php
C:\laragon\www\sakila\src\Entity\City.php
C:\laragon\www\sakila\src\Entity\Country.php
C:\laragon\www\sakila\src\Entity\Customer.php
C:\laragon\www\sakila\src\Entity\CustomerList.php
C:\laragon\www\sakila\src\Entity\Exportlog.php
C:\laragon\www\sakila\src\Entity\Film.php
C:\laragon\www\sakila\src\Entity\FilmActor.php
C:\laragon\www\sakila\src\Entity\FilmCategory.php
C:\laragon\www\sakila\src\Entity\FilmList.php
C:\laragon\www\sakila\src\Entity\FilmText.php
C:\laragon\www\sakila\src\Entity\Inventory.php
C:\laragon\www\sakila\src\Entity\Language.php
C:\laragon\www\sakila\src\Entity\NicerButSlowerFilmList.php
C:\laragon\www\sakila\src\Entity\Payment.php
C:\laragon\www\sakila\src\Entity\Rental.php
C:\laragon\www\sakila\src\Entity\SalesByFilmCategory.php
C:\laragon\www\sakila\src\Entity\SalesByStore.php
C:\laragon\www\sakila\src\Entity\Staff.php
C:\laragon\www\sakila\src\Entity\StaffList.php
C:\laragon\www\sakila\src\Entity\Store.php
C:\laragon\www\sakila\src\ExportCsv.php
C:\laragon\www\sakila\src\ExportEmail.php
C:\laragon\www\sakila\src\ExportExcel.php
C:\laragon\www\sakila\src\ExportHandler.php
C:\laragon\www\sakila\src\ExportHtml.php
C:\laragon\www\sakila\src\ExportJson.php
C:\laragon\www\sakila\src\ExportPdf.php
C:\laragon\www\sakila\src\ExportWord.php
C:\laragon\www\sakila\src\ExportXml.php
C:\laragon\www\sakila\src\FileUploadHandler.php
C:\laragon\www\sakila\src\FileViewer.php
C:\laragon\www\sakila\src\ForceLogoutUserAction.php
C:\laragon\www\sakila\src\GeographyType.php
C:\laragon\www\sakila\src\GeometryType.php
C:\laragon\www\sakila\src\HierarchyIdType.php
C:\laragon\www\sakila\src\HttpErrorHandler.php
C:\laragon\www\sakila\src\HttpForm.php
C:\laragon\www\sakila\src\HttpServiceUnavailableException.php
C:\laragon\www\sakila\src\HttpSession.php
C:\laragon\www\sakila\src\HttpUpload.php
C:\laragon\www\sakila\src\JwtMiddleware.php
C:\laragon\www\sakila\src\Language.php
C:\laragon\www\sakila\src\LanguageLoadEvent.php
C:\laragon\www\sakila\src\LaravelSessionMiddleware.php
C:\laragon\www\sakila\src\LdapConn.php
C:\laragon\www\sakila\src\ListAction.php
C:\laragon\www\sakila\src\ListActions.php
C:\laragon\www\sakila\src\ListOption.php
C:\laragon\www\sakila\src\ListOptions.php
C:\laragon\www\sakila\src\ListOptionsArray.php
C:\laragon\www\sakila\src\LoginStatusEvent.php
C:\laragon\www\sakila\src\Lookup.php
C:\laragon\www\sakila\src\MaintenanceMiddleware.php
C:\laragon\www\sakila\src\Menu.php
C:\laragon\www\sakila\src\MenuItem.php
C:\laragon\www\sakila\src\MenuItemAddingEvent.php
C:\laragon\www\sakila\src\MenuRenderedEvent.php
C:\laragon\www\sakila\src\MenuRenderingEvent.php
C:\laragon\www\sakila\src\MessagesTrait.php
C:\laragon\www\sakila\src\NumericPager.php
C:\laragon\www\sakila\src\OptionValues.php
C:\laragon\www\sakila\src\PageLoadingEvent.php
C:\laragon\www\sakila\src\PageRenderingEvent.php
C:\laragon\www\sakila\src\PageUnloadedEvent.php
C:\laragon\www\sakila\src\Pager.php
C:\laragon\www\sakila\src\PagerItem.php
C:\laragon\www\sakila\src\PasswordHash.php
C:\laragon\www\sakila\src\PermissionMiddleware.php
C:\laragon\www\sakila\src\PhpEncryption.php
C:\laragon\www\sakila\src\PragmaRxTwoFactorAuthentication.php
C:\laragon\www\sakila\src\PrevNextPager.php
C:\laragon\www\sakila\src\PushNotification.php
C:\laragon\www\sakila\src\ReportField.php
C:\laragon\www\sakila\src\ReportTable.php
C:\laragon\www\sakila\src\ResendRegisterEmailAction.php
C:\laragon\www\sakila\src\ResetConcurrentUserAction.php
C:\laragon\www\sakila\src\ResetLoginRetryAction.php
C:\laragon\www\sakila\src\ResetUserSecretAction.php
C:\laragon\www\sakila\src\RouteActionEvent.php
C:\laragon\www\sakila\src\RouteAttributes.php
C:\laragon\www\sakila\src\RowSummary.php
C:\laragon\www\sakila\src\RowTotal.php
C:\laragon\www\sakila\src\RowType.php
C:\laragon\www\sakila\src\Saml2.php
C:\laragon\www\sakila\src\SessionHandler.php
C:\laragon\www\sakila\src\SetPasswordExpiredAction.php
C:\laragon\www\sakila\src\Sms.php
C:\laragon\www\sakila\src\SmsTwoFactorAuthentication.php
C:\laragon\www\sakila\src\SsoStateSessionStore.php
C:\laragon\www\sakila\src\SubPage.php
C:\laragon\www\sakila\src\SubPages.php
C:\laragon\www\sakila\src\SummaryField.php
C:\laragon\www\sakila\src\Timer.php
C:\laragon\www\sakila\src\TwoFactorAuthenticationInterface.php
C:\laragon\www\sakila\src\UploadHandler.php
C:\laragon\www\sakila\src\UserProfile.php
C:\laragon\www\sakila\src\XmlDocument.php
C:\laragon\www\sakila\src\apiroutes.php
C:\laragon\www\sakila\src\config.development.php
C:\laragon\www\sakila\src\config.php
C:\laragon\www\sakila\src\config.production.php
C:\laragon\www\sakila\src\constants.php
C:\laragon\www\sakila\src\definitions.php
C:\laragon\www\sakila\src\phpfn.php
C:\laragon\www\sakila\src\routes.php
C:\laragon\www\sakila\src\userfn.php
C:\laragon\www\sakila\src\userlevelsettings.php
C:\laragon\www\sakila\views\ActorAdd.php
C:\laragon\www\sakila\views\ActorDelete.php
C:\laragon\www\sakila\views\ActorEdit.php
C:\laragon\www\sakila\views\ActorInfoList.php
C:\laragon\www\sakila\views\ActorList.php
C:\laragon\www\sakila\views\ActorView.php
C:\laragon\www\sakila\views\AddressAdd.php
C:\laragon\www\sakila\views\AddressDelete.php
C:\laragon\www\sakila\views\AddressEdit.php
C:\laragon\www\sakila\views\AddressList.php
C:\laragon\www\sakila\views\AddressView.php
C:\laragon\www\sakila\views\AudittrailList.php
C:\laragon\www\sakila\views\AudittrailView.php
C:\laragon\www\sakila\views\CategoryAdd.php
C:\laragon\www\sakila\views\CategoryDelete.php
C:\laragon\www\sakila\views\CategoryEdit.php
C:\laragon\www\sakila\views\CategoryList.php
C:\laragon\www\sakila\views\CategoryView.php
C:\laragon\www\sakila\views\CityAdd.php
C:\laragon\www\sakila\views\CityDelete.php
C:\laragon\www\sakila\views\CityEdit.php
C:\laragon\www\sakila\views\CityList.php
C:\laragon\www\sakila\views\CityView.php
C:\laragon\www\sakila\views\CountryAdd.php
C:\laragon\www\sakila\views\CountryDelete.php
C:\laragon\www\sakila\views\CountryEdit.php
C:\laragon\www\sakila\views\CountryList.php
C:\laragon\www\sakila\views\CountryView.php
C:\laragon\www\sakila\views\CustomerAdd.php
C:\laragon\www\sakila\views\CustomerDelete.php
C:\laragon\www\sakila\views\CustomerEdit.php
C:\laragon\www\sakila\views\CustomerList.php
C:\laragon\www\sakila\views\CustomerList2List.php
C:\laragon\www\sakila\views\CustomerView.php
C:\laragon\www\sakila\views\DashboardAll.php
C:\laragon\www\sakila\views\Error.php
C:\laragon\www\sakila\views\ExportlogList.php
C:\laragon\www\sakila\views\ExportlogView.php
C:\laragon\www\sakila\views\FilmActorAdd.php
C:\laragon\www\sakila\views\FilmActorDelete.php
C:\laragon\www\sakila\views\FilmActorEdit.php
C:\laragon\www\sakila\views\FilmActorList.php
C:\laragon\www\sakila\views\FilmActorView.php
C:\laragon\www\sakila\views\FilmAdd.php
C:\laragon\www\sakila\views\FilmCategoryAdd.php
C:\laragon\www\sakila\views\FilmCategoryDelete.php
C:\laragon\www\sakila\views\FilmCategoryEdit.php
C:\laragon\www\sakila\views\FilmCategoryList.php
C:\laragon\www\sakila\views\FilmCategoryView.php
C:\laragon\www\sakila\views\FilmDelete.php
C:\laragon\www\sakila\views\FilmEdit.php
C:\laragon\www\sakila\views\FilmList.php
C:\laragon\www\sakila\views\FilmList2List.php
C:\laragon\www\sakila\views\FilmTextAdd.php
C:\laragon\www\sakila\views\FilmTextDelete.php
C:\laragon\www\sakila\views\FilmTextEdit.php
C:\laragon\www\sakila\views\FilmTextList.php
C:\laragon\www\sakila\views\FilmTextView.php
C:\laragon\www\sakila\views\FilmView.php
C:\laragon\www\sakila\views\InventoryAdd.php
C:\laragon\www\sakila\views\InventoryDelete.php
C:\laragon\www\sakila\views\InventoryEdit.php
C:\laragon\www\sakila\views\InventoryList.php
C:\laragon\www\sakila\views\InventoryView.php
C:\laragon\www\sakila\views\Language2Add.php
C:\laragon\www\sakila\views\Language2Delete.php
C:\laragon\www\sakila\views\Language2Edit.php
C:\laragon\www\sakila\views\Language2List.php
C:\laragon\www\sakila\views\Language2View.php
C:\laragon\www\sakila\views\Login.php
C:\laragon\www\sakila\views\NicerButSlowerFilmListList.php
C:\laragon\www\sakila\views\PaymentAdd.php
C:\laragon\www\sakila\views\PaymentDelete.php
C:\laragon\www\sakila\views\PaymentEdit.php
C:\laragon\www\sakila\views\PaymentList.php
C:\laragon\www\sakila\views\PaymentView.php
C:\laragon\www\sakila\views\PersonalData.php
C:\laragon\www\sakila\views\RentalAdd.php
C:\laragon\www\sakila\views\RentalDelete.php
C:\laragon\www\sakila\views\RentalEdit.php
C:\laragon\www\sakila\views\RentalList.php
C:\laragon\www\sakila\views\RentalView.php
C:\laragon\www\sakila\views\SalesByFilmCategoryList.php
C:\laragon\www\sakila\views\SalesByStoreList.php
C:\laragon\www\sakila\views\StaffAdd.php
C:\laragon\www\sakila\views\StaffDelete.php
C:\laragon\www\sakila\views\StaffEdit.php
C:\laragon\www\sakila\views\StaffList.php
C:\laragon\www\sakila\views\StaffList2List.php
C:\laragon\www\sakila\views\StaffView.php
C:\laragon\www\sakila\views\StoreAdd.php
C:\laragon\www\sakila\views\StoreDelete.php
C:\laragon\www\sakila\views\StoreEdit.php
C:\laragon\www\sakila\views\StoreList.php
C:\laragon\www\sakila\views\StoreView.php
C:\laragon\www\sakila\views\email.php
C:\laragon\www\sakila\views\layout.php
C:\laragon\www\sakila\views\menu.php
C:\laragon\www\sakila\views\swagger.php
C:\laragon\www\sakila\web.config